<?xml version="1.0" encoding="UTF-8"?>
<!-- Generated by org.testng.reporters.JUnitReportReporter -->
<testsuite hostname="DESKTOP-G37V2UJ" name="com.ikman.testCases.Ikman_testscript" tests="1" failures="0" timestamp="29 Sep 2021 18:34:24 GMT" time="29.575" errors="0">
  <testcase name="login_to_ikman" time="29.575" classname="com.ikman.testCases.Ikman_testscript"/>
</testsuite> <!-- com.ikman.testCases.Ikman_testscript -->
