<?xml version="1.0" encoding="UTF-8"?>
<!-- Generated by org.testng.reporters.JUnitReportReporter -->
<testsuite hostname="DESKTOP-G37V2UJ" name="com.ikman.testCases.PostAd_ikman" tests="2" failures="0" timestamp="5 Oct 2021 06:47:59 GMT" time="18.331" errors="0">
  <testcase name="post_ikmn" time="11.671" classname="com.ikman.testCases.PostAd_ikman"/>
  <testcase name="setproperty_details" time="6.660" classname="com.ikman.testCases.PostAd_ikman"/>
</testsuite> <!-- com.ikman.testCases.PostAd_ikman -->
